11:34:58 INFO  : Registering command handlers for SDK TCF services
11:35:02 INFO  : Launching XSCT server: xsct.bat -interactive D:\MuhammetAliVarlik\AYBU\Vivado_Projects\CAN-BUS-Final\CAN-Bus\CAN-Bus\can_Fd\can_Fd.sdk\temp_xsdb_launch_script.tcl
11:35:10 INFO  : XSCT server has started successfully.
11:35:10 INFO  : Successfully done setting XSCT server connection channel  
11:35:21 INFO  : Successfully done setting SDK workspace  
11:35:21 INFO  : Processing command line option -hwspec D:/MuhammetAliVarlik/AYBU/Vivado_Projects/CAN-BUS-Final/CAN-Bus/CAN-Bus/can_Fd/can_Fd.sdk/design_1_wrapper.hdf.
11:41:17 INFO  : Example project CANFD_bsp_xcanps_polled_example_1 has been created successfully.
11:47:57 INFO  : 'targets -set -filter {jtag_cable_name =~ "Digilent Zybo Z7 210351B7BE20A" && level==0} -index 1' command is executed.
11:47:57 INFO  : 'fpga -state' command is executed.
11:47:57 INFO  : Connected to target on host '127.0.0.1' and port '3121'.
11:47:57 INFO  : Jtag cable 'Digilent Zybo Z7 210351B7BE20A' is selected.
11:47:57 INFO  : 'jtag frequency' command is executed.
11:47:57 INFO  : Sourcing of 'D:/MuhammetAliVarlik/AYBU/Vivado_Projects/CAN-BUS-Final/CAN-Bus/CAN-Bus/can_Fd/can_Fd.sdk/design_1_wrapper_hw_platform_0/ps7_init.tcl' is done.
11:47:57 INFO  : Context for 'APU' is selected.
11:47:57 INFO  : Hardware design information is loaded from 'D:/MuhammetAliVarlik/AYBU/Vivado_Projects/CAN-BUS-Final/CAN-Bus/CAN-Bus/can_Fd/can_Fd.sdk/design_1_wrapper_hw_platform_0/system.hdf'.
11:47:57 INFO  : 'configparams force-mem-access 1' command is executed.
11:47:57 INFO  : Context for 'APU' is selected.
11:47:58 INFO  : 'stop' command is executed.
11:47:58 INFO  : 'ps7_init' command is executed.
11:47:58 INFO  : 'ps7_post_config' command is executed.
11:47:58 INFO  : 'configparams force-mem-access 0' command is executed.
11:47:58 INFO  : ----------------XSDB Script----------------
connect -url tcp:127.0.0.1:3121
source D:/MuhammetAliVarlik/AYBU/Vivado_Projects/CAN-BUS-Final/CAN-Bus/CAN-Bus/can_Fd/can_Fd.sdk/design_1_wrapper_hw_platform_0/ps7_init.tcl
targets -set -nocase -filter {name =~"APU*" && jtag_cable_name =~ "Digilent Zybo Z7 210351B7BE20A"} -index 0
loadhw -hw D:/MuhammetAliVarlik/AYBU/Vivado_Projects/CAN-BUS-Final/CAN-Bus/CAN-Bus/can_Fd/can_Fd.sdk/design_1_wrapper_hw_platform_0/system.hdf -mem-ranges [list {0x40000000 0xbfffffff}]
configparams force-mem-access 1
targets -set -nocase -filter {name =~"APU*" && jtag_cable_name =~ "Digilent Zybo Z7 210351B7BE20A"} -index 0
stop
ps7_init
ps7_post_config
configparams force-mem-access 0
----------------End of Script----------------

11:47:58 INFO  : Memory regions updated for context APU
11:47:58 INFO  : Launch script is exported to file 'D:\MuhammetAliVarlik\AYBU\Vivado_Projects\CAN-BUS-Final\CAN-Bus\CAN-Bus\can_Fd\can_Fd.sdk\.sdk\launch_scripts\xilinx_c-c++_application_(system_debugger)\system_debugger_using_debug_canfd.elf_on_local.tcl'
11:49:07 INFO  : Disconnected from the channel tcfchan#1.
11:49:13 INFO  : 'targets -set -filter {jtag_cable_name =~ "Digilent Zybo Z7 210351B7BE20A" && level==0} -index 1' command is executed.
11:49:13 INFO  : 'fpga -state' command is executed.
11:49:13 INFO  : Connected to target on host '127.0.0.1' and port '3121'.
11:49:14 INFO  : Jtag cable 'Digilent Zybo Z7 210351B7BE20A' is selected.
11:49:14 INFO  : 'jtag frequency' command is executed.
11:49:14 INFO  : Sourcing of 'D:/MuhammetAliVarlik/AYBU/Vivado_Projects/CAN-BUS-Final/CAN-Bus/CAN-Bus/can_Fd/can_Fd.sdk/design_1_wrapper_hw_platform_0/ps7_init.tcl' is done.
11:49:14 INFO  : Context for 'APU' is selected.
11:49:17 INFO  : Hardware design information is loaded from 'D:/MuhammetAliVarlik/AYBU/Vivado_Projects/CAN-BUS-Final/CAN-Bus/CAN-Bus/can_Fd/can_Fd.sdk/design_1_wrapper_hw_platform_0/system.hdf'.
11:49:17 INFO  : 'configparams force-mem-access 1' command is executed.
11:49:17 INFO  : Context for 'APU' is selected.
11:49:17 INFO  : 'stop' command is executed.
11:49:18 INFO  : 'ps7_init' command is executed.
11:49:18 INFO  : 'ps7_post_config' command is executed.
11:49:18 INFO  : 'configparams force-mem-access 0' command is executed.
11:49:18 INFO  : ----------------XSDB Script----------------
connect -url tcp:127.0.0.1:3121
source D:/MuhammetAliVarlik/AYBU/Vivado_Projects/CAN-BUS-Final/CAN-Bus/CAN-Bus/can_Fd/can_Fd.sdk/design_1_wrapper_hw_platform_0/ps7_init.tcl
targets -set -nocase -filter {name =~"APU*" && jtag_cable_name =~ "Digilent Zybo Z7 210351B7BE20A"} -index 0
loadhw -hw D:/MuhammetAliVarlik/AYBU/Vivado_Projects/CAN-BUS-Final/CAN-Bus/CAN-Bus/can_Fd/can_Fd.sdk/design_1_wrapper_hw_platform_0/system.hdf -mem-ranges [list {0x40000000 0xbfffffff}]
configparams force-mem-access 1
targets -set -nocase -filter {name =~"APU*" && jtag_cable_name =~ "Digilent Zybo Z7 210351B7BE20A"} -index 0
stop
ps7_init
ps7_post_config
configparams force-mem-access 0
----------------End of Script----------------

11:49:18 INFO  : Memory regions updated for context APU
11:49:18 INFO  : Launch script is exported to file 'D:\MuhammetAliVarlik\AYBU\Vivado_Projects\CAN-BUS-Final\CAN-Bus\CAN-Bus\can_Fd\can_Fd.sdk\.sdk\launch_scripts\xilinx_c-c++_application_(system_debugger)\system_debugger_using_debug_canfd.elf_on_local.tcl'
11:53:17 INFO  : Disconnected from the channel tcfchan#2.
11:53:20 INFO  : 'targets -set -filter {jtag_cable_name =~ "Digilent Zybo Z7 210351B7BE20A" && level==0} -index 1' command is executed.
11:53:20 INFO  : 'fpga -state' command is executed.
11:53:20 INFO  : Connected to target on host '127.0.0.1' and port '3121'.
11:53:20 INFO  : Jtag cable 'Digilent Zybo Z7 210351B7BE20A' is selected.
11:53:20 INFO  : 'jtag frequency' command is executed.
11:53:20 INFO  : Sourcing of 'D:/MuhammetAliVarlik/AYBU/Vivado_Projects/CAN-BUS-Final/CAN-Bus/CAN-Bus/can_Fd/can_Fd.sdk/design_1_wrapper_hw_platform_0/ps7_init.tcl' is done.
11:53:20 INFO  : Context for 'APU' is selected.
11:53:24 INFO  : Hardware design information is loaded from 'D:/MuhammetAliVarlik/AYBU/Vivado_Projects/CAN-BUS-Final/CAN-Bus/CAN-Bus/can_Fd/can_Fd.sdk/design_1_wrapper_hw_platform_0/system.hdf'.
11:53:24 INFO  : 'configparams force-mem-access 1' command is executed.
11:53:24 INFO  : Context for 'APU' is selected.
11:53:24 INFO  : 'stop' command is executed.
11:53:24 INFO  : 'ps7_init' command is executed.
11:53:24 INFO  : 'ps7_post_config' command is executed.
11:53:24 INFO  : 'configparams force-mem-access 0' command is executed.
11:53:24 INFO  : ----------------XSDB Script----------------
connect -url tcp:127.0.0.1:3121
source D:/MuhammetAliVarlik/AYBU/Vivado_Projects/CAN-BUS-Final/CAN-Bus/CAN-Bus/can_Fd/can_Fd.sdk/design_1_wrapper_hw_platform_0/ps7_init.tcl
targets -set -nocase -filter {name =~"APU*" && jtag_cable_name =~ "Digilent Zybo Z7 210351B7BE20A"} -index 0
loadhw -hw D:/MuhammetAliVarlik/AYBU/Vivado_Projects/CAN-BUS-Final/CAN-Bus/CAN-Bus/can_Fd/can_Fd.sdk/design_1_wrapper_hw_platform_0/system.hdf -mem-ranges [list {0x40000000 0xbfffffff}]
configparams force-mem-access 1
targets -set -nocase -filter {name =~"APU*" && jtag_cable_name =~ "Digilent Zybo Z7 210351B7BE20A"} -index 0
stop
ps7_init
ps7_post_config
configparams force-mem-access 0
----------------End of Script----------------

11:53:25 INFO  : Memory regions updated for context APU
11:53:25 INFO  : Launch script is exported to file 'D:\MuhammetAliVarlik\AYBU\Vivado_Projects\CAN-BUS-Final\CAN-Bus\CAN-Bus\can_Fd\can_Fd.sdk\.sdk\launch_scripts\xilinx_c-c++_application_(system_debugger)\system_debugger_using_debug_canfd.elf_on_local.tcl'
12:35:17 INFO  : Disconnected from the channel tcfchan#3.
15:03:30 INFO  : Registering command handlers for SDK TCF services
15:03:58 INFO  : Launching XSCT server: xsct.bat -interactive D:\MuhammetAliVarlik\AYBU\Vivado_Projects\CAN-BUS-Final\CAN-Bus\CAN-Bus\can_Fd\can_Fd.sdk\temp_xsdb_launch_script.tcl
15:04:09 INFO  : XSCT server has started successfully.
15:04:53 INFO  : Successfully done setting XSCT server connection channel  
15:04:54 INFO  : Successfully done setting SDK workspace  
15:04:54 INFO  : Processing command line option -hwspec D:/MuhammetAliVarlik/AYBU/Vivado_Projects/CAN-BUS-Final/CAN-Bus/CAN-Bus/can_Fd/can_Fd.sdk/design_1_wrapper.hdf.
15:04:56 INFO  : Checking for hwspec changes in the project design_1_wrapper_hw_platform_0.
15:07:29 INFO  : Example project CANFD_bsp_xcanps_polled_example_2 has been created successfully.
17:12:44 INFO  : Registering command handlers for SDK TCF services
17:12:47 INFO  : Launching XSCT server: xsct.bat -interactive D:\MuhammetAliVarlik\AYBU\Vivado_Projects\CAN-BUS-Final\CAN-Bus\CAN-Bus\can_Fd\can_Fd.sdk\temp_xsdb_launch_script.tcl
17:12:55 INFO  : XSCT server has started successfully.
17:12:55 INFO  : Successfully done setting XSCT server connection channel  
17:13:04 INFO  : Successfully done setting SDK workspace  
17:13:04 INFO  : Processing command line option -hwspec D:/MuhammetAliVarlik/AYBU/Vivado_Projects/CAN-BUS-Final/CAN-Bus/CAN-Bus/can_Fd/can_Fd.sdk/design_1_wrapper.hdf.
17:13:04 INFO  : Checking for hwspec changes in the project design_1_wrapper_hw_platform_0.
10:33:00 INFO  : Registering command handlers for SDK TCF services
10:33:03 INFO  : Launching XSCT server: xsct.bat -interactive D:\MuhammetAliVarlik\AYBU\Vivado_Projects\CAN-BUS-Final\CAN-Bus\CAN-Bus\can_Fd\can_Fd.sdk\temp_xsdb_launch_script.tcl
10:33:14 INFO  : XSCT server has started successfully.
10:33:14 INFO  : Successfully done setting XSCT server connection channel  
10:33:19 INFO  : Successfully done setting SDK workspace  
10:33:19 INFO  : Processing command line option -hwspec D:/MuhammetAliVarlik/AYBU/Vivado_Projects/CAN-BUS-Final/CAN-Bus/CAN-Bus/can_Fd/can_Fd.sdk/design_1_wrapper.hdf.
10:33:19 INFO  : Checking for hwspec changes in the project design_1_wrapper_hw_platform_0.
11:28:06 INFO  : 'targets -set -filter {jtag_cable_name =~ "Digilent Zybo Z7 210351B7AB39A" && level==0} -index 1' command is executed.
11:28:06 INFO  : 'fpga -state' command is executed.
11:28:28 INFO  : Connected to target on host '127.0.0.1' and port '3121'.
11:28:28 WARN  : Part name present in the hardware specification 'xc7z020clg400-1' doesn't match the one present on the target 'xc7z010'.
11:28:38 INFO  : ----------------XSDB Script----------------
connect -url tcp:127.0.0.1:3121
----------------End of Script----------------

11:30:30 INFO  : 'targets -set -filter {jtag_cable_name =~ "Digilent Zybo Z7 210351B7BE20A" && level==0} -index 1' command is executed.
11:30:30 INFO  : 'fpga -state' command is executed.
12:09:11 INFO  : Connected to target on host '127.0.0.1' and port '3121'.
